     1                                  bits 32 
     2                                  
     3                                  global start        
     4                                  
     5                                  extern exit              
     6                                  import exit msvcrt.dll    
     7                                                            
     8                                  segment data use32 class=data
     9 00000000 1600                        e dw 22
    10 00000002 0D00                        f dw 13
    11 00000004 2A00                        g dw 42
    12                                  
    13                                  segment code use32 class=code
    14                                      start:
    15                                          
    16                                          ; (e+f)*g 
    17 00000000 B800000000                      mov eax, 0
    18 00000005 BB00000000                      mov ebx, 0
    19                                          
    20 0000000A 66A1[00000000]                  mov ax, [e]
    21 00000010 660305[02000000]                add ax, [f]
    22 00000017 668B1D[04000000]                mov bx, [g]
    23 0000001E 66F7E3                          mul bx
    24                                  
    25 00000021 6A00                            push    dword 0      
    26 00000023 FF15[00000000]                  call    [exit]       
