     1                                  bits 32 
     2                                  
     3                                  global start        
     4                                  
     5                                  extern exit              
     6                                  import exit msvcrt.dll    
     7                                                            
     8                                  segment data use32 class=data
     9 00000000 14                          a db 20 ; 1 byte, 8 bits
    10 00000001 7800                        b dw 120 ; 2 bytes, 16 bits
    11 00000003 C01F0000                    c dd 8128 ; 4 bytes, 32 bits
    12 00000007 5EE6000000000000            d dq 58974 ; 8 bytes, 64 bits
    13                                  
    14                                  segment code use32 class=code
    15                                      start:
    16                                      
    17                                          ; d-b+a-(b+c) = 58974 - 120 + 20 - (120 + 8128) = 50626
    18 00000000 B800000000                      mov eax, 0
    19                                  
    20                                          ;mutam in ax, b
    21 00000005 66A1[01000000]                  mov ax, [b]
    22 0000000B 0305[03000000]                  add eax, [c]
    23 00000011 89C2                            mov edx, eax ; edx = (b+c)
    24                                          
    25 00000013 A1[07000000]                    mov eax, [d]
    26 00000018 BB00000000                      mov ebx, 0
    27 0000001D 668B1D[01000000]                mov bx, [b]
    28 00000024 29D8                            sub eax, ebx ; eax = d - b
    29                                          
    30 00000026 66BB0000                        mov bx, 0
    31 0000002A 8A1D[00000000]                  mov bl, [a]
    32 00000030 01D8                            add eax, ebx
    33 00000032 29D0                            sub eax, edx
    34 00000034 6A00                            push    dword 0      
    35 00000036 FF15[00000000]                  call    [exit]       
