     1                                  bits 32 
     2                                  
     3                                  global start        
     4                                  
     5                                  extern exit              
     6                                  import exit msvcrt.dll    
     7                                  
     8                                      ;a - byte, b - word, c - double word, d - qword - Interpretare cu semn                          
     9                                  segment data use32 class=data
    10 00000000 05                          a db 5
    11 00000001 DA00                        b dw 218
    12 00000003 0D050000                    c dd 1293
    13 00000007 3930000000000000            d dq 12345
    14                                      ; Calculam (c+b+a) - (d+d)
    15                                  segment code use32 class=code
    16                                      start:
    17                                          ;Calculam c+b
    18 00000000 B800000000                      mov eax, 0          
    19 00000005 66A1[01000000]                  mov ax, word[b]
    20 0000000B 0305[03000000]                  add eax, dword[c]
    21                                          ;Calculam c+b+a
    22 00000011 BB00000000                      mov ebx, 0
    23 00000016 8A1D[00000000]                  mov bl, [a]
    24 0000001C 01D8                            add eax, ebx    ; eax =  c+b+a
    25                                          ;Calculam (c+b+a) - d
    26 0000001E BA00000000                      mov edx, 0      ; edx:eax = c+b+a
    27 00000023 2B05[07000000]                  sub eax, [d]
    28 00000029 1B15[0B000000]                  sbb edx, [d+4]  ; edx:eax = c+b+a - d
    29                                          ;Calculam (c+b+a) - d - d
    30 0000002F 2B05[07000000]                  sub eax, [d]
    31 00000035 1B15[0B000000]                  sbb edx, [d+4]
    32                                          
    33 0000003B 6A00                            push    dword 0      
    34 0000003D FF15[00000000]                  call    [exit]       
