     1                                  bits 32 
     2                                  
     3                                  global start        
     4                                  
     5                                  extern exit              
     6                                  import exit msvcrt.dll    
     7                                                            
     8                                  segment data use32 class=data
     9 00000000 08                          a db 8
    10 00000001 05                          b db 5
    11 00000002 02                          c db 2
    12                                  
    13                                  segment code use32 class=code
    14                                      start:
    15 00000000 B800000000                      mov eax, 0
    16 00000005 A0[00000000]                    mov al, [a]
    17 0000000A 2A05[01000000]                  sub al, [b]
    18 00000010 B304                            mov bl, 4
    19 00000012 F6E3                            mul bl
    20 00000014 F635[02000000]                  div byte[c]
    21                                  
    22 0000001A 6A00                            push    dword 0      
    23 0000001C FF15[00000000]                  call    [exit]       
